[debug] [2024-02-28T17:15:21.646Z] ----------------------------------------------------------------------
[debug] [2024-02-28T17:15:21.649Z] Command:       D:\Node\node.exe C:\Users\gkart\AppData\Roaming\npm\node_modules\firebase-tools\lib\bin\firebase.js init
[debug] [2024-02-28T17:15:21.649Z] CLI Version:   13.4.0
[debug] [2024-02-28T17:15:21.649Z] Platform:      win32
[debug] [2024-02-28T17:15:21.649Z] Node Version:  v20.10.0
[debug] [2024-02-28T17:15:21.649Z] Time:          Wed Feb 28 2024 09:15:21 GMT-0800 (Pacific Standard Time)
[debug] [2024-02-28T17:15:21.650Z] ----------------------------------------------------------------------
[debug] 
[debug] [2024-02-28T17:15:21.655Z] > command requires scopes: ["email","openid","https://www.googleapis.com/auth/cloudplatformprojects.readonly","https://www.googleapis.com/auth/firebase","https://www.googleapis.com/auth/cloud-platform"]
[debug] [2024-02-28T17:15:21.655Z] > authorizing via signed-in user (nolan.g@modakfleet.services)
[info] 
     ######## #### ########  ######## ########     ###     ######  ########
     ##        ##  ##     ## ##       ##     ##  ##   ##  ##       ##
     ######    ##  ########  ######   ########  #########  ######  ######
     ##        ##  ##    ##  ##       ##     ## ##     ##       ## ##
     ##       #### ##     ## ######## ########  ##     ##  ######  ########

You're about to initialize a Firebase project in this directory:

  E:\projectwork\followup_project\followup-app

[info] 
=== Project Setup
[info] 
[info] First, let's associate this project directory with a Firebase project.
[info] You can create multiple project aliases by running firebase use --add, 
[info] but for now we'll just set up a default project.
[info] 
[debug] [2024-02-28T17:15:27.295Z] >>> [apiv2][query] GET https://firebase.googleapis.com/v1beta1/projects pageSize=100
[debug] [2024-02-28T17:15:28.275Z] <<< [apiv2][status] GET https://firebase.googleapis.com/v1beta1/projects 200
[debug] [2024-02-28T17:15:28.275Z] <<< [apiv2][body] GET https://firebase.googleapis.com/v1beta1/projects [omitted]
[info] i  Using project follow-5066f (follow) 
[info] 
=== Hosting Setup
[debug] [2024-02-28T17:15:30.148Z] >>> [apiv2][query] GET https://firebase.googleapis.com/v1beta1/projects/follow-5066f [none]
[debug] [2024-02-28T17:15:30.684Z] <<< [apiv2][status] GET https://firebase.googleapis.com/v1beta1/projects/follow-5066f 200
[debug] [2024-02-28T17:15:30.685Z] <<< [apiv2][body] GET https://firebase.googleapis.com/v1beta1/projects/follow-5066f {"projectId":"follow-5066f","projectNumber":"787656319840","displayName":"follow","name":"projects/follow-5066f","resources":{"hostingSite":"follow-5066f"},"state":"ACTIVE","etag":"1_7919ccf8-db45-47d0-be0f-7679b4437d05"}
[info] 
[info] Your public directory is the folder (relative to your project directory) that
[info] will contain Hosting assets to be uploaded with firebase deploy. If you
[info] have a build process for your assets, use your build's output directory.
[info] 
[debug] [2024-02-28T17:16:11.937Z] >>> [apiv2][query] GET https://www.gstatic.com/firebasejs/releases.json [none]
[debug] [2024-02-28T17:16:12.046Z] <<< [apiv2][status] GET https://www.gstatic.com/firebasejs/releases.json 200
[debug] [2024-02-28T17:16:12.047Z] <<< [apiv2][body] GET https://www.gstatic.com/firebasejs/releases.json {"current":{"version":"10.8.0","browserURL":"https://www.gstatic.com/firebasejs/10.8.0/firebase.js","packageURL":"https://www.gstatic.com/firebasejs/10.8.0/firebase.tgz"},"live":{"version":"10.8","browserURL":"https://www.gstatic.com/firebasejs/live/10.8/firebase.js","packageURL":"https://www.gstatic.com/firebasejs/live/10.8/firebase.tgz"},"components":{"analytics":"https://www.gstatic.com/firebasejs/10.8.0/firebase-analytics.js","app":"https://www.gstatic.com/firebasejs/10.8.0/firebase-app.js","app-check":"https://www.gstatic.com/firebasejs/10.8.0/firebase-app-check.js","auth":"https://www.gstatic.com/firebasejs/10.8.0/firebase-auth.js","auth/cordova":"https://www.gstatic.com/firebasejs/10.8.0/firebase-auth/cordova.js","auth/web-extension":"https://www.gstatic.com/firebasejs/10.8.0/firebase-auth/web-extension.js","functions":"https://www.gstatic.com/firebasejs/10.8.0/firebase-functions.js","firestore":"https://www.gstatic.com/firebasejs/10.8.0/firebase-firestore.js","firestore/lite":"https://www.gstatic.com/firebasejs/10.8.0/firebase-firestore/lite.js","installations":"https://www.gstatic.com/firebasejs/10.8.0/firebase-installations.js","storage":"https://www.gstatic.com/firebasejs/10.8.0/firebase-storage.js","performance":"https://www.gstatic.com/firebasejs/10.8.0/firebase-performance.js","remote-config":"https://www.gstatic.com/firebasejs/10.8.0/firebase-remote-config.js","messaging":"https://www.gstatic.com/firebasejs/10.8.0/firebase-messaging.js","messaging/sw":"https://www.gstatic.com/firebasejs/10.8.0/firebase-messaging/sw.js","database":"https://www.gstatic.com/firebasejs/10.8.0/firebase-database.js","firestore.memory":"https://www.gstatic.com/firebasejs/10.8.0/firebase-firestore.memory.js"}}
[info] i  Skipping write of public/index.html 
[info] 
[info] i  Detected a .git folder at E:\projectwork\followup_project\followup-app 
[info] i  Authorizing with GitHub to upload your service account to a GitHub repository's secrets store. 
[info] 
[info] Visit this URL on this device to log in:
[info] https://github.com/login/oauth/authorize?client_id=89cf50f02ac6aaed3484&state=5089560&redirect_uri=http%3A%2F%2Flocalhost%3A9005&scope=read%3Auser%20repo%20public_repo
[info] 
[info] Waiting for authentication...
[debug] [2024-02-28T17:16:29.051Z] >>> [apiv2][query] POST https://github.com/login/oauth/access_token [none]
[debug] [2024-02-28T17:16:29.051Z] >>> [apiv2][body] POST https://github.com/login/oauth/access_token [stream]
[debug] [2024-02-28T17:16:29.499Z] <<< [apiv2][status] POST https://github.com/login/oauth/access_token 200
[debug] [2024-02-28T17:16:29.499Z] <<< [apiv2][body] POST https://github.com/login/oauth/access_token {"access_token":"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","token_type":"bearer","scope":"read:user,repo"}
[debug] [2024-02-28T17:16:29.505Z] >>> [apiv2][query] GET https://api.github.com/user [none]
[debug] [2024-02-28T17:16:29.909Z] <<< [apiv2][status] GET https://api.github.com/user 200
[debug] [2024-02-28T17:16:29.909Z] <<< [apiv2][body] GET https://api.github.com/user {"login":"nolang-modak","id":160609380,"node_id":"U_kgDOCZK0ZA","avatar_url":"https://avatars.githubusercontent.com/u/160609380?v=4","gravatar_id":"","url":"https://api.github.com/users/nolang-modak","html_url":"https://github.com/nolang-modak","followers_url":"https://api.github.com/users/nolang-modak/followers","following_url":"https://api.github.com/users/nolang-modak/following{/other_user}","gists_url":"https://api.github.com/users/nolang-modak/gists{/gist_id}","starred_url":"https://api.github.com/users/nolang-modak/starred{/owner}{/repo}","subscriptions_url":"https://api.github.com/users/nolang-modak/subscriptions","organizations_url":"https://api.github.com/users/nolang-modak/orgs","repos_url":"https://api.github.com/users/nolang-modak/repos","events_url":"https://api.github.com/users/nolang-modak/events{/privacy}","received_events_url":"https://api.github.com/users/nolang-modak/received_events","type":"User","site_admin":false,"name":null,"company":null,"blog":"","location":null,"email":null,"hireable":null,"bio":null,"twitter_username":null,"public_repos":2,"public_gists":0,"followers":0,"following":0,"created_at":"2024-02-20T12:42:33Z","updated_at":"2024-02-20T12:42:33Z","private_gists":0,"total_private_repos":0,"owned_private_repos":0,"disk_usage":30,"collaborators":0,"two_factor_authentication":false,"plan":{"name":"free","space":976562499,"collaborators":0,"private_repos":10000}}
[info] 
[info] +  Success! Logged into GitHub as nolang-modak 
[info] 
